  Date.cpp
  Exception.cpp
  Idea.cpp
  JInStream.cpp
  JOutStream.cpp
  JThread.cpp
  JUtil.cpp
  Logging.cpp
  LogStream.cpp
  MD5.cpp
  Socket.cpp
  StringUtil.cpp
  Systemconfig.cpp
  Timestamp.cpp
  BankSession.cpp
  BankThread.cpp
  BalanceInquiry.cpp
  ChangePassword.cpp
  CloseAccount.cpp
  Deposit.cpp
  正在生成代码...
  正在编译...
  OpenAccount.cpp
  QueryAccountHistoryBill.cpp
  QueryDayBill.cpp
  QueryHistoryBill.cpp
  Transfer.cpp
  UserLogin.cpp
  Withdrawal.cpp
  BankService.cpp
  MysqlDB.cpp
  main.cpp
  Server.cpp
  TransactionManager.cpp
  正在生成代码...
  BankServer.vcxproj -> E:\ABCBank\ABCBankTemplate06\BankServer\Debug\BankServer.exe
